<?xml version="1.0" encoding="UTF-8"?>
<!-- Generated by org.testng.reporters.JUnitReportReporter -->
<testsuite hostname="WBOX62" failures="0" tests="1" name="Resources.BaseClass" time="11.550" errors="1" timestamp="2024-03-09T16:50:20 IST" skipped="0">
  <testcase classname="Resources.BaseClass" name="setUp" time="11.550">
    <error message="Could not start a new session. Response code 500. Message: An unknown server-side error occurred while processing the command. Original error: Error executing adbExec. Original error: &#039;Command &#039;C:\\Users\\wbox62\\AppData\\Local\\Android\\Sdk\\platform-tools\\adb.exe -P 5037 -s 30808950190017F shell &#039;settings delete global hidden_api_policy_pre_p_apps;settings delete global hidden_api_policy_p_apps;settings delete global hidden_api_policy&#039;&#039; exited with code 1&#039;; Command output: adb.exe: device &#039;30808950190017F&#039; not found
 
Host info: host: &#039;WBOX62&#039;, ip: &#039;192.168.3.24&#039;
Build info: version: &#039;4.16.1&#039;, revision: &#039;9b4c83354e&#039;
System info: os.name: &#039;Windows 10&#039;, os.arch: &#039;amd64&#039;, os.version: &#039;10.0&#039;, java.version: &#039;17.0.6&#039;
Driver info: io.appium.java_client.android.AndroidDriver
Command: [null, newSession {capabilities=[{appium:appActivity=com.ssi.agroworlds.view.ui.login.ActivityLogin, appium:appPackage=com.ssi.agroworlds, appium:automationName=UiAutomator2, appium:deviceName=vivo Y12G, platformName=ANDROID, appium:platformVersion=11, appium:recordVideo=true, appium:udid=30808950190017F}], desiredCapabilities=Capabilities {appActivity: com.ssi.agroworlds.view.ui...., appPackage: com.ssi.agroworlds, automationName: UiAutomator2, deviceName: vivo Y12G, platformName: ANDROID, platformVersion: 11, recordVideo: true, udid: 30808950190017F}}]
Capabilities {appActivity: com.ssi.agroworlds.view.ui...., appPackage: com.ssi.agroworlds, automationName: UiAutomator2, deviceName: vivo Y12G, platformName: ANDROID, platformVersion: 11, recordVideo: true, udid: 30808950190017F}" type="org.openqa.selenium.SessionNotCreatedException">
      <![CDATA[org.openqa.selenium.SessionNotCreatedException: Could not start a new session. Response code 500. Message: An unknown server-side error occurred while processing the command. Original error: Error executing adbExec. Original error: 'Command 'C:\\Users\\wbox62\\AppData\\Local\\Android\\Sdk\\platform-tools\\adb.exe -P 5037 -s 30808950190017F shell 'settings delete global hidden_api_policy_pre_p_apps;settings delete global hidden_api_policy_p_apps;settings delete global hidden_api_policy'' exited with code 1'; Command output: adb.exe: device '30808950190017F' not found
 
Host info: host: 'WBOX62', ip: '192.168.3.24'
Build info: version: '4.16.1', revision: '9b4c83354e'
System info: os.name: 'Windows 10', os.arch: 'amd64', os.version: '10.0', java.version: '17.0.6'
Driver info: io.appium.java_client.android.AndroidDriver
Command: [null, newSession {capabilities=[{appium:appActivity=com.ssi.agroworlds.view.ui.login.ActivityLogin, appium:appPackage=com.ssi.agroworlds, appium:automationName=UiAutomator2, appium:deviceName=vivo Y12G, platformName=ANDROID, appium:platformVersion=11, appium:recordVideo=true, appium:udid=30808950190017F}], desiredCapabilities=Capabilities {appActivity: com.ssi.agroworlds.view.ui...., appPackage: com.ssi.agroworlds, automationName: UiAutomator2, deviceName: vivo Y12G, platformName: ANDROID, platformVersion: 11, recordVideo: true, udid: 30808950190017F}}]
Capabilities {appActivity: com.ssi.agroworlds.view.ui...., appPackage: com.ssi.agroworlds, automationName: UiAutomator2, deviceName: vivo Y12G, platformName: ANDROID, platformVersion: 11, recordVideo: true, udid: 30808950190017F}
at org.openqa.selenium.remote.ProtocolHandshake.createSession(ProtocolHandshake.java:140)
at java.base/jdk.internal.reflect.NativeMethodAccessorImpl.invoke0(Native Method)
at java.base/jdk.internal.reflect.NativeMethodAccessorImpl.invoke(NativeMethodAccessorImpl.java:77)
at java.base/jdk.internal.reflect.DelegatingMethodAccessorImpl.invoke(DelegatingMethodAccessorImpl.java:43)
at java.base/java.lang.reflect.Method.invoke(Method.java:568)
at io.appium.java_client.remote.AppiumProtocolHandshake.createSession(AppiumProtocolHandshake.java:133)
at io.appium.java_client.remote.AppiumProtocolHandshake.createSession(AppiumProtocolHandshake.java:102)
at io.appium.java_client.remote.AppiumCommandExecutor.createSession(AppiumCommandExecutor.java:177)
at io.appium.java_client.remote.AppiumCommandExecutor.execute(AppiumCommandExecutor.java:238)
at org.openqa.selenium.remote.RemoteWebDriver.execute(RemoteWebDriver.java:523)
at io.appium.java_client.AppiumDriver.startSession(AppiumDriver.java:268)
at org.openqa.selenium.remote.RemoteWebDriver.<init>(RemoteWebDriver.java:164)
at io.appium.java_client.AppiumDriver.<init>(AppiumDriver.java:90)
at io.appium.java_client.AppiumDriver.<init>(AppiumDriver.java:102)
at io.appium.java_client.android.AndroidDriver.<init>(AndroidDriver.java:109)
at Resources.BaseClass.setUp(BaseClass.java:96)
at java.base/jdk.internal.reflect.NativeMethodAccessorImpl.invoke0(Native Method)
at java.base/jdk.internal.reflect.NativeMethodAccessorImpl.invoke(NativeMethodAccessorImpl.java:77)
at java.base/jdk.internal.reflect.DelegatingMethodAccessorImpl.invoke(DelegatingMethodAccessorImpl.java:43)
at java.base/java.lang.reflect.Method.invoke(Method.java:568)
at org.testng.internal.invokers.MethodInvocationHelper.invokeMethod(MethodInvocationHelper.java:139)
at org.testng.internal.invokers.MethodInvocationHelper.invokeMethodConsideringTimeout(MethodInvocationHelper.java:69)
at org.testng.internal.invokers.ConfigInvoker.invokeConfigurationMethod(ConfigInvoker.java:361)
at org.testng.internal.invokers.ConfigInvoker.invokeConfigurations(ConfigInvoker.java:296)
at org.testng.TestRunner.invokeTestConfigurations(TestRunner.java:643)
at org.testng.TestRunner.beforeRun(TestRunner.java:632)
at org.testng.TestRunner.run(TestRunner.java:594)
at org.testng.SuiteRunner.runTest(SuiteRunner.java:433)
at org.testng.SuiteRunner$SuiteWorker.run(SuiteRunner.java:471)
at org.testng.internal.thread.ThreadUtil.lambda$execute$0(ThreadUtil.java:58)
at java.base/java.util.concurrent.FutureTask.run(FutureTask.java:264)
at java.base/java.util.concurrent.ThreadPoolExecutor.runWorker(ThreadPoolExecutor.java:1136)
at java.base/java.util.concurrent.ThreadPoolExecutor$Worker.run(ThreadPoolExecutor.java:635)
at java.base/java.lang.Thread.run(Thread.java:833)
]]>
    </error>
  </testcase> <!-- setUp -->
  <system-out/>
</testsuite> <!-- Resources.BaseClass -->
