<?xml version="1.0" encoding="UTF-8"?>
<!-- Generated by org.testng.reporters.JUnitReportReporter -->
<testsuite hostname="WBOX62" failures="0" tests="7" name="Resources.BDEClass" time="0.005" errors="0" timestamp="2024-03-09T16:50:20 IST" skipped="7">
  <testcase classname="Resources.BDEClass" name="getLogin" time="0.000">
    <skipped/>
  </testcase> <!-- getLogin -->
  <system-out/>
  <testcase classname="Resources.BDEClass" name="addLeadComapnyDeatail" time="0.000">
    <skipped/>
  </testcase> <!-- addLeadComapnyDeatail -->
  <system-out/>
  <testcase classname="Resources.BDEClass" name="productDetails" time="0.000">
    <skipped/>
  </testcase> <!-- productDetails -->
  <system-out/>
  <testcase classname="Resources.BDEClass" name="addMeetingForProspect" time="0.000">
    <skipped/>
  </testcase> <!-- addMeetingForProspect -->
  <system-out/>
  <testcase classname="Resources.BDEClass" name="prospect" time="0.000">
    <skipped/>
  </testcase> <!-- prospect -->
  <system-out/>
  <testcase classname="Resources.BDEClass" name="todaysFollowup" time="0.005">
    <skipped/>
  </testcase> <!-- todaysFollowup -->
  <system-out/>
  <testcase classname="Resources.BDEClass" name="getLogout" time="0.000">
    <skipped/>
  </testcase> <!-- getLogout -->
  <system-out/>
</testsuite> <!-- Resources.BDEClass -->
