<?xml version="1.0" encoding="UTF-8"?>
<!-- Generated by org.testng.reporters.JUnitReportReporter -->
<testsuite hostname="WBOX62" failures="0" tests="5" name="Resources.BDMClass" time="0.003" errors="0" timestamp="2024-03-09T16:50:20 IST" skipped="5">
  <testcase classname="Resources.BDMClass" name="getLogin" time="0.001">
    <skipped/>
  </testcase> <!-- getLogin -->
  <system-out/>
  <testcase classname="Resources.BDMClass" name="potentialConversionRequestAccept" time="0.000">
    <skipped/>
  </testcase> <!-- potentialConversionRequestAccept -->
  <system-out/>
  <testcase classname="Resources.BDMClass" name="addMeetingForPotential" time="0.001">
    <skipped/>
  </testcase> <!-- addMeetingForPotential -->
  <system-out/>
  <testcase classname="Resources.BDMClass" name="convertToClient" time="0.001">
    <skipped/>
  </testcase> <!-- convertToClient -->
  <system-out/>
  <testcase classname="Resources.BDMClass" name="getLogout" time="0.000">
    <skipped/>
  </testcase> <!-- getLogout -->
  <system-out/>
</testsuite> <!-- Resources.BDMClass -->
